[2018-01-17 19:39:52] eseye.INFO: [http 200] [OK] post -> https://login.eveonline.com/oauth/token/?grant_type=refresh_token [0.45s]
[2018-01-17 19:39:53] eseye.INFO: [http 200] [OK] get -> https://login.eveonline.com/oauth/verify/ [0.40s]
[2018-01-17 19:39:53] eseye.INFO: [http 200] [OK] get -> https://esi.tech.ccp.is/latest/characters/95629194/wallet/?datasource=tranquility [0.46s]
[2018-01-17 19:39:53] eseye.WARNING: An unknown URI was called. Allowing /characters/{character_id}/fatigue/
[2018-01-17 19:39:54] eseye.INFO: [http 200] [OK] get -> https://esi.tech.ccp.is/latest/characters/95629194/fatigue/?datasource=tranquility [0.42s]
[2018-01-17 19:43:15] eseye.INFO: [http 200] [OK] post -> https://login.eveonline.com/oauth/token/?grant_type=refresh_token [0.52s]
[2018-01-17 19:43:15] eseye.INFO: [http 200] [OK] get -> https://login.eveonline.com/oauth/verify/ [0.40s]
[2018-01-17 19:43:16] eseye.INFO: [http 200] [OK] get -> https://esi.tech.ccp.is/latest/characters/95629194/mail/labels/?datasource=tranquility [0.50s]
[2018-01-17 19:43:17] eseye.INFO: [http 200] [OK] post -> https://login.eveonline.com/oauth/token/?grant_type=refresh_token [0.50s]
[2018-01-17 19:43:18] eseye.INFO: [http 200] [OK] get -> https://login.eveonline.com/oauth/verify/ [0.40s]
[2018-01-17 19:43:18] eseye.INFO: [http 200] [OK] get -> https://esi.tech.ccp.is/latest/characters/95629194/mail/?datasource=tranquility&labels=0 [0.64s]
[2018-01-17 19:51:03] eseye.INFO: [http 200] [OK] post -> https://login.eveonline.com/oauth/token/?grant_type=refresh_token [0.53s]
[2018-01-17 19:51:04] eseye.INFO: [http 200] [OK] get -> https://login.eveonline.com/oauth/verify/ [0.40s]
[2018-01-17 19:51:04] eseye.INFO: [http 200] [OK] get -> https://esi.tech.ccp.is/latest/characters/95629194/portrait/?datasource=tranquility [0.11s]
[2018-01-18 08:22:09] eseye.INFO: [http 200] [OK] post -> https://login.eveonline.com/oauth/token/?grant_type=refresh_token [0.57s]
[2018-01-18 08:22:09] eseye.INFO: [http 200] [OK] get -> https://login.eveonline.com/oauth/verify/ [0.40s]
[2018-01-18 08:22:10] eseye.INFO: [http 200] [OK] get -> https://esi.tech.ccp.is/latest/characters/95629194/wallet/?datasource=tranquility [0.45s]
[2018-01-18 08:22:10] eseye.WARNING: An unknown URI was called. Allowing /characters/{character_id}/fatigue/
[2018-01-18 08:22:10] eseye.INFO: [http 200] [OK] get -> https://esi.tech.ccp.is/latest/characters/95629194/fatigue/?datasource=tranquility [0.65s]
[2018-01-18 08:22:19] eseye.INFO: [http 200] [OK] post -> https://login.eveonline.com/oauth/token/?grant_type=refresh_token [0.50s]
[2018-01-18 08:22:19] eseye.INFO: [http 200] [OK] get -> https://login.eveonline.com/oauth/verify/ [0.39s]
[2018-01-18 08:22:20] eseye.INFO: [http 200] [OK] get -> https://esi.tech.ccp.is/latest/characters/95629194/portrait/?datasource=tranquility [0.11s]
[2018-01-18 08:22:26] eseye.INFO: [http 200] [OK] post -> https://login.eveonline.com/oauth/token/?grant_type=refresh_token [0.51s]
[2018-01-18 08:22:27] eseye.INFO: [http 200] [OK] get -> https://login.eveonline.com/oauth/verify/ [0.40s]
[2018-01-18 18:01:13] eseye.INFO: [http 200] [OK] post -> https://login.eveonline.com/oauth/token/?grant_type=refresh_token [0.57s]
[2018-01-18 18:01:14] eseye.INFO: [http 200] [OK] get -> https://login.eveonline.com/oauth/verify/ [0.40s]
[2018-01-18 18:01:14] eseye.INFO: [http 200] [OK] get -> https://esi.tech.ccp.is/latest/characters/95629194/mail/labels/?datasource=tranquility [0.46s]
[2018-01-27 01:19:25] eseye.INFO: [http 200] [OK] post -> https://login.eveonline.com/oauth/token/?grant_type=refresh_token [0.70s]
[2018-01-27 01:19:26] eseye.INFO: [http 200] [OK] get -> https://login.eveonline.com/oauth/verify/ [0.32s]
[2018-01-27 01:19:26] eseye.INFO: [http 200] [OK] get -> https://esi.tech.ccp.is/latest/characters/91495986/mail/labels/?datasource=tranquility [0.60s]
[2018-01-27 01:19:29] eseye.INFO: [http 200] [OK] post -> https://login.eveonline.com/oauth/token/?grant_type=refresh_token [0.39s]
[2018-01-27 01:19:29] eseye.INFO: [http 200] [OK] get -> https://login.eveonline.com/oauth/verify/ [0.32s]
[2018-01-27 01:19:29] eseye.INFO: [http 200] [OK] get -> https://esi.tech.ccp.is/latest/characters/91495986/mail/?datasource=tranquility&labels=0 [0.65s]
[2018-01-27 01:19:35] eseye.INFO: [http 200] [OK] post -> https://login.eveonline.com/oauth/token/?grant_type=refresh_token [0.36s]
[2018-01-27 01:19:35] eseye.INFO: [http 200] [OK] get -> https://login.eveonline.com/oauth/verify/ [0.32s]
[2018-01-27 01:19:36] eseye.INFO: [http 200] [OK] get -> https://esi.tech.ccp.is/latest/characters/91495986/mail/369502259/?datasource=tranquility [0.52s]
[2018-01-27 01:19:43] eseye.INFO: [http 200] [OK] get -> https://esi.tech.ccp.is/latest/characters/95221891/?datasource=tranquility [7.65s]
[2018-01-27 01:19:43] eseye.INFO: [http 200] [OK] get -> https://esi.tech.ccp.is/latest/characters/93464848/?datasource=tranquility [0.27s]
[2018-01-27 01:20:29] eseye.INFO: [http 200] [OK] post -> https://login.eveonline.com/oauth/token/?grant_type=refresh_token [0.33s]
[2018-01-27 01:20:29] eseye.INFO: [http 200] [OK] get -> https://login.eveonline.com/oauth/verify/ [0.32s]
[2018-01-27 01:20:30] eseye.INFO: [http 200] [OK] get -> https://esi.tech.ccp.is/latest/characters/91495986/mail/labels/?datasource=tranquility [0.61s]
[2018-01-27 01:22:01] eseye.INFO: [http 200] [OK] post -> https://login.eveonline.com/oauth/token/?grant_type=refresh_token [0.34s]
[2018-01-27 01:22:01] eseye.INFO: [http 200] [OK] get -> https://login.eveonline.com/oauth/verify/ [0.32s]
[2018-01-27 01:22:02] eseye.INFO: [http 200] [OK] get -> https://esi.tech.ccp.is/latest/characters/91495986/mail/labels/?datasource=tranquility [0.62s]
[2018-01-27 01:26:20] eseye.INFO: [http 200] [OK] post -> https://login.eveonline.com/oauth/token/?grant_type=refresh_token [0.34s]
[2018-01-27 01:26:21] eseye.INFO: [http 200] [OK] get -> https://login.eveonline.com/oauth/verify/ [0.50s]
[2018-01-27 01:26:21] eseye.INFO: [http 200] [OK] get -> https://esi.tech.ccp.is/latest/characters/91495986/mail/labels/?datasource=tranquility [0.60s]
[2018-01-27 01:26:45] eseye.INFO: [http 200] [OK] post -> https://login.eveonline.com/oauth/token/?grant_type=refresh_token [0.32s]
[2018-01-27 01:26:46] eseye.INFO: [http 200] [OK] get -> https://login.eveonline.com/oauth/verify/ [0.32s]
[2018-01-27 01:32:44] eseye.INFO: [http 200] [OK] post -> https://login.eveonline.com/oauth/token/?grant_type=refresh_token [0.32s]
[2018-01-27 01:32:45] eseye.INFO: [http 200] [OK] get -> https://login.eveonline.com/oauth/verify/ [0.33s]
[2018-01-27 01:32:45] eseye.INFO: [http 200] [OK] get -> https://esi.tech.ccp.is/latest/characters/91495986/mail/labels/?datasource=tranquility [0.61s]
[2018-01-27 02:26:15] eseye.INFO: [http 200] [OK] post -> https://login.eveonline.com/oauth/token/?grant_type=refresh_token [0.36s]
[2018-01-27 02:26:15] eseye.INFO: [http 200] [OK] get -> https://login.eveonline.com/oauth/verify/ [0.32s]
[2018-01-27 02:26:16] eseye.INFO: [http 200] [OK] get -> https://esi.tech.ccp.is/latest/characters/94831458/mail/labels/?datasource=tranquility [0.76s]
[2018-01-27 02:26:53] eseye.INFO: [http 200] [OK] post -> https://login.eveonline.com/oauth/token/?grant_type=refresh_token [0.32s]
[2018-01-27 02:26:54] eseye.INFO: [http 200] [OK] get -> https://login.eveonline.com/oauth/verify/ [0.32s]
[2018-01-27 02:26:54] eseye.INFO: [http 200] [OK] get -> https://esi.tech.ccp.is/latest/characters/94831458/portrait/?datasource=tranquility [0.12s]
[2018-01-27 02:27:10] eseye.INFO: [http 200] [OK] post -> https://login.eveonline.com/oauth/token/?grant_type=refresh_token [0.32s]
[2018-01-27 02:27:10] eseye.INFO: [http 200] [OK] get -> https://login.eveonline.com/oauth/verify/ [0.32s]
[2018-01-27 02:27:11] eseye.INFO: [http 200] [OK] get -> https://esi.tech.ccp.is/latest/characters/94831458/mail/labels/?datasource=tranquility [0.69s]
[2018-01-27 02:27:23] eseye.INFO: [http 200] [OK] post -> https://login.eveonline.com/oauth/token/?grant_type=refresh_token [0.42s]
[2018-01-27 02:27:23] eseye.INFO: [http 200] [OK] get -> https://login.eveonline.com/oauth/verify/ [0.32s]
[2018-01-27 02:33:11] eseye.INFO: [http 200] [OK] post -> https://login.eveonline.com/oauth/token/?grant_type=refresh_token [0.39s]
[2018-01-27 02:33:11] eseye.INFO: [http 200] [OK] get -> https://login.eveonline.com/oauth/verify/ [0.32s]
[2018-01-27 02:33:12] eseye.INFO: [http 200] [OK] get -> https://esi.tech.ccp.is/latest/characters/91495986/wallet/?datasource=tranquility [0.53s]
[2018-01-27 02:33:12] eseye.WARNING: An unknown URI was called. Allowing /characters/{character_id}/fatigue/
[2018-01-27 02:33:13] eseye.INFO: [http 200] [OK] get -> https://esi.tech.ccp.is/latest/characters/91495986/fatigue/?datasource=tranquility [0.61s]
[2018-01-27 03:24:45] eseye.INFO: [http 200] [OK] post -> https://login.eveonline.com/oauth/token/?grant_type=refresh_token [0.40s]
[2018-01-27 03:24:46] eseye.INFO: [http 200] [OK] get -> https://login.eveonline.com/oauth/verify/ [0.32s]
[2018-01-27 03:24:46] eseye.INFO: [http 200] [OK] get -> https://esi.tech.ccp.is/latest/characters/91495986/mail/labels/?datasource=tranquility [0.44s]
[2018-01-27 03:28:06] eseye.INFO: [http 200] [OK] post -> https://login.eveonline.com/oauth/token/?grant_type=refresh_token [0.43s]
[2018-01-27 03:28:07] eseye.INFO: [http 200] [OK] get -> https://login.eveonline.com/oauth/verify/ [0.32s]
[2018-01-27 03:28:07] eseye.INFO: [http 200] [OK] get -> https://esi.tech.ccp.is/latest/characters/91495986/mail/labels/?datasource=tranquility [0.70s]
[2018-01-27 03:47:42] eseye.INFO: [http 200] [OK] post -> https://login.eveonline.com/oauth/token/?grant_type=refresh_token [0.45s]
[2018-01-27 03:47:42] eseye.INFO: [http 200] [OK] get -> https://login.eveonline.com/oauth/verify/ [0.32s]
[2018-01-27 03:47:42] eseye.INFO: [http 200] [OK] get -> https://esi.tech.ccp.is/latest/characters/91495986/mail/labels/?datasource=tranquility [0.39s]
[2018-01-27 03:50:04] eseye.INFO: [http 200] [OK] post -> https://login.eveonline.com/oauth/token/?grant_type=refresh_token [0.39s]
[2018-01-27 03:50:04] eseye.INFO: [http 200] [OK] get -> https://login.eveonline.com/oauth/verify/ [0.33s]
[2018-01-27 03:50:04] eseye.INFO: [http 200] [OK] get -> https://esi.tech.ccp.is/latest/characters/94831458/mail/labels/?datasource=tranquility [0.41s]
[2018-01-27 04:01:54] eseye.INFO: [http 200] [OK] post -> https://login.eveonline.com/oauth/token/?grant_type=refresh_token [0.41s]
[2018-01-27 04:01:54] eseye.INFO: [http 200] [OK] get -> https://login.eveonline.com/oauth/verify/ [0.32s]
[2018-01-27 04:01:55] eseye.INFO: [http 200] [OK] get -> https://esi.tech.ccp.is/latest/characters/94831458/mail/labels/?datasource=tranquility [0.49s]
[2018-01-27 04:02:13] eseye.INFO: [http 200] [OK] post -> https://login.eveonline.com/oauth/token/?grant_type=refresh_token [0.34s]
[2018-01-27 04:02:14] eseye.INFO: [http 200] [OK] get -> https://login.eveonline.com/oauth/verify/ [0.32s]
[2018-01-27 04:04:28] eseye.INFO: [http 200] [OK] post -> https://login.eveonline.com/oauth/token/?grant_type=refresh_token [0.32s]
[2018-01-27 04:04:29] eseye.INFO: [http 200] [OK] get -> https://login.eveonline.com/oauth/verify/ [0.32s]
[2018-01-27 04:04:29] eseye.INFO: [http 200] [OK] get -> https://esi.tech.ccp.is/latest/characters/94831458/mail/labels/?datasource=tranquility [0.55s]
[2018-01-27 04:08:46] eseye.INFO: [http 200] [OK] post -> https://login.eveonline.com/oauth/token/?grant_type=refresh_token [0.35s]
[2018-01-27 04:08:46] eseye.INFO: [http 200] [OK] get -> https://login.eveonline.com/oauth/verify/ [0.33s]
[2018-01-27 04:08:47] eseye.INFO: [http 200] [OK] get -> https://esi.tech.ccp.is/latest/characters/91495986/mail/labels/?datasource=tranquility [0.62s]
[2018-01-27 04:08:49] eseye.INFO: [http 200] [OK] post -> https://login.eveonline.com/oauth/token/?grant_type=refresh_token [0.32s]
[2018-01-27 04:08:49] eseye.INFO: [http 200] [OK] get -> https://login.eveonline.com/oauth/verify/ [0.33s]
[2018-01-27 04:08:50] eseye.INFO: [http 200] [OK] get -> https://esi.tech.ccp.is/latest/characters/91495986/mail/?datasource=tranquility&labels=0 [0.41s]
[2018-01-27 04:09:50] eseye.INFO: [http 200] [OK] post -> https://login.eveonline.com/oauth/token/?grant_type=refresh_token [0.41s]
[2018-01-27 04:09:51] eseye.INFO: [http 200] [OK] get -> https://login.eveonline.com/oauth/verify/ [0.34s]
[2018-01-27 04:09:51] eseye.INFO: [http 200] [OK] get -> https://esi.tech.ccp.is/latest/characters/91495986/mail/labels/?datasource=tranquility [0.38s]
[2018-01-27 04:09:52] eseye.INFO: [http 200] [OK] get -> https://esi.tech.ccp.is/latest/characters/91495986/mail/?datasource=tranquility&labels=0 [0.46s]
[2018-01-27 04:09:53] eseye.INFO: [http 200] [OK] post -> https://login.eveonline.com/oauth/token/?grant_type=refresh_token [0.39s]
[2018-01-27 04:09:53] eseye.INFO: [http 200] [OK] get -> https://login.eveonline.com/oauth/verify/ [0.32s]
[2018-01-27 04:15:35] eseye.INFO: [http 200] [OK] post -> https://login.eveonline.com/oauth/token/?grant_type=refresh_token [0.45s]
[2018-01-27 04:15:35] eseye.INFO: [http 200] [OK] get -> https://login.eveonline.com/oauth/verify/ [0.33s]
[2018-01-27 04:15:36] eseye.INFO: [http 200] [OK] get -> https://esi.tech.ccp.is/latest/characters/91495986/mail/labels/?datasource=tranquility [0.45s]
[2018-01-27 04:20:41] eseye.INFO: [http 200] [OK] post -> https://login.eveonline.com/oauth/token/?grant_type=refresh_token [0.40s]
[2018-01-27 04:20:42] eseye.INFO: [http 200] [OK] get -> https://login.eveonline.com/oauth/verify/ [0.32s]
[2018-01-27 04:20:42] eseye.INFO: [http 200] [OK] get -> https://esi.tech.ccp.is/latest/characters/91495986/mail/labels/?datasource=tranquility [0.76s]
[2018-01-27 04:20:55] eseye.INFO: [http 200] [OK] post -> https://login.eveonline.com/oauth/token/?grant_type=refresh_token [0.42s]
[2018-01-27 04:20:56] eseye.INFO: [http 200] [OK] get -> https://login.eveonline.com/oauth/verify/ [0.33s]
[2018-01-27 04:20:56] eseye.INFO: [http 200] [OK] get -> https://esi.tech.ccp.is/latest/characters/94831458/mail/labels/?datasource=tranquility [0.71s]
[2018-01-27 04:20:58] eseye.INFO: [http 200] [OK] post -> https://login.eveonline.com/oauth/token/?grant_type=refresh_token [0.39s]
[2018-01-27 04:20:58] eseye.INFO: [http 200] [OK] get -> https://login.eveonline.com/oauth/verify/ [0.32s]
[2018-01-27 04:21:09] eseye.INFO: [http 200] [OK] post -> https://login.eveonline.com/oauth/token/?grant_type=refresh_token [0.38s]
[2018-01-27 04:21:09] eseye.INFO: [http 200] [OK] get -> https://login.eveonline.com/oauth/verify/ [0.32s]
[2018-01-27 04:21:09] eseye.INFO: [http 200] [OK] get -> https://esi.tech.ccp.is/latest/characters/94831458/wallet/?datasource=tranquility [0.54s]
[2018-01-27 04:21:09] eseye.WARNING: An unknown URI was called. Allowing /characters/{character_id}/fatigue/
[2018-01-27 04:21:10] eseye.INFO: [http 200] [OK] get -> https://esi.tech.ccp.is/latest/characters/94831458/fatigue/?datasource=tranquility [0.35s]
[2018-01-27 04:21:48] eseye.INFO: [http 200] [OK] post -> https://login.eveonline.com/oauth/token/?grant_type=refresh_token [0.31s]
[2018-01-27 04:21:48] eseye.INFO: [http 200] [OK] get -> https://login.eveonline.com/oauth/verify/ [0.32s]
[2018-01-27 04:21:49] eseye.INFO: [http 200] [OK] get -> https://esi.tech.ccp.is/latest/characters/94831458/mail/labels/?datasource=tranquility [0.40s]
[2018-01-27 04:22:00] eseye.INFO: [http 200] [OK] post -> https://login.eveonline.com/oauth/token/?grant_type=refresh_token [0.35s]
[2018-01-27 04:22:01] eseye.INFO: [http 200] [OK] get -> https://login.eveonline.com/oauth/verify/ [0.32s]
[2018-01-27 04:22:06] eseye.INFO: [http 200] [OK] post -> https://login.eveonline.com/oauth/token/?grant_type=refresh_token [0.35s]
[2018-01-27 04:22:06] eseye.INFO: [http 200] [OK] get -> https://login.eveonline.com/oauth/verify/ [0.35s]
[2018-01-27 04:22:08] eseye.INFO: [http 200] [OK] post -> https://login.eveonline.com/oauth/token/?grant_type=refresh_token [0.44s]
[2018-01-27 04:22:08] eseye.INFO: [http 200] [OK] get -> https://login.eveonline.com/oauth/verify/ [0.32s]
[2018-01-27 04:22:08] eseye.INFO: [http 200] [OK] get -> https://esi.tech.ccp.is/latest/characters/94831458/mail/?datasource=tranquility&labels=0 [0.47s]
[2018-01-27 04:22:18] eseye.INFO: [http 200] [OK] post -> https://login.eveonline.com/oauth/token/?grant_type=refresh_token [0.32s]
[2018-01-27 04:22:18] eseye.INFO: [http 200] [OK] get -> https://login.eveonline.com/oauth/verify/ [0.32s]
[2018-01-27 04:22:22] eseye.INFO: [http 200] [OK] post -> https://login.eveonline.com/oauth/token/?grant_type=refresh_token [0.39s]
[2018-01-27 04:22:22] eseye.INFO: [http 200] [OK] get -> https://login.eveonline.com/oauth/verify/ [0.33s]
[2018-01-27 04:22:24] eseye.INFO: [http 200] [OK] get -> https://esi.tech.ccp.is/latest/characters/94831458/mail/labels/?datasource=tranquility [1.27s]
[2018-01-27 04:22:36] eseye.INFO: [http 200] [OK] post -> https://login.eveonline.com/oauth/token/?grant_type=refresh_token [0.32s]
[2018-01-27 04:22:36] eseye.INFO: [http 200] [OK] get -> https://login.eveonline.com/oauth/verify/ [0.32s]
[2018-01-27 04:23:14] eseye.INFO: [http 200] [OK] post -> https://login.eveonline.com/oauth/token/?grant_type=refresh_token [0.31s]
[2018-01-27 04:23:14] eseye.INFO: [http 200] [OK] get -> https://login.eveonline.com/oauth/verify/ [0.33s]
[2018-01-27 04:23:15] eseye.INFO: [http 200] [OK] get -> https://esi.tech.ccp.is/latest/characters/94831458/mail/labels/?datasource=tranquility [0.56s]
[2018-01-27 04:24:13] eseye.INFO: [http 200] [OK] post -> https://login.eveonline.com/oauth/token/?grant_type=refresh_token [0.32s]
[2018-01-27 04:24:13] eseye.INFO: [http 200] [OK] get -> https://login.eveonline.com/oauth/verify/ [0.38s]
[2018-01-27 04:24:14] eseye.INFO: [http 200] [OK] get -> https://esi.tech.ccp.is/latest/characters/91495986/mail/labels/?datasource=tranquility [0.53s]
[2018-01-27 04:25:54] eseye.INFO: [http 200] [OK] post -> https://login.eveonline.com/oauth/token/?grant_type=refresh_token [0.40s]
[2018-01-27 04:25:55] eseye.INFO: [http 200] [OK] get -> https://login.eveonline.com/oauth/verify/ [0.32s]
[2018-01-27 04:25:55] eseye.INFO: [http 200] [OK] get -> https://esi.tech.ccp.is/latest/characters/91495986/mail/labels/?datasource=tranquility [0.61s]
